[0.020s] Invoking command in '/home/magnum/simuate_ws/src/robot/src/visual_marker_obstacle_detector/build/visual_marker_obstacle_detector': CMAKE_PREFIX_PATH=/opt/ros/foxy /usr/bin/cmake --build /home/magnum/simuate_ws/src/robot/src/visual_marker_obstacle_detector/build/visual_marker_obstacle_detector -- -j8 -l8
[0.056s] [ 50%] [32mBuilding CXX object CMakeFiles/visual_marker_detector.dir/src/visual_marker.cpp.o[0m
[0.078s] [100%] [32m[1mLinking CXX executable visual_marker_detector[0m
[0.154s] /usr/bin/ld: /usr/lib/gcc/x86_64-linux-gnu/9/../../../x86_64-linux-gnu/Scrt1.o: in function `_start':
[0.154s] (.text+0x24): undefined reference to `main'
[0.154s] collect2: error: ld returned 1 exit status
[0.155s] make[2]: *** [CMakeFiles/visual_marker_detector.dir/build.make:159: visual_marker_detector] Error 1
[0.155s] make[1]: *** [CMakeFiles/Makefile2:137: CMakeFiles/visual_marker_detector.dir/all] Error 2
[0.155s] make: *** [Makefile:146: all] Error 2
[0.156s] Invoked command in '/home/magnum/simuate_ws/src/robot/src/visual_marker_obstacle_detector/build/visual_marker_obstacle_detector' returned '2': CMAKE_PREFIX_PATH=/opt/ros/foxy /usr/bin/cmake --build /home/magnum/simuate_ws/src/robot/src/visual_marker_obstacle_detector/build/visual_marker_obstacle_detector -- -j8 -l8
